==================================================
 FECHA: 2026-06-22
==================================================
[20:42:53] [Código: SES-003] - Error en heartbeat: permiso denegado a la tabla system_active_sessions

Traceback:
  Traceback (most recent call last):
    File "C:\Users\USUARIO\Documents\Proyectos\Odyssea\core\updater\session_manager.py", line 86, in heartbeat
      cur.execute(
      ~~~~~~~~~~~^
          "UPDATE system_active_sessions SET last_heartbeat = NOW() WHERE session_id = %s",
          ^^^^^^^^^^^^^^^^^^^^^^^^^^^^^^^^^^^^^^^^^^^^^^^^^^^^^^^^^^^^^^^^^^^^^^^^^^^^^^^^^
          (str(self.session_id),)
          ^^^^^^^^^^^^^^^^^^^^^^^
      )
      ^
  psycopg2.errors.InsufficientPrivilege: permiso denegado a la tabla system_active_sessions
----------------------------------------
[20:41:48] [Código: SES-003] - Error en heartbeat: permiso denegado a la tabla system_active_sessions

Traceback:
  Traceback (most recent call last):
    File "C:\Users\USUARIO\Documents\Proyectos\Odyssea\core\updater\session_manager.py", line 86, in heartbeat
      cur.execute(
      ~~~~~~~~~~~^
          "UPDATE system_active_sessions SET last_heartbeat = NOW() WHERE session_id = %s",
          ^^^^^^^^^^^^^^^^^^^^^^^^^^^^^^^^^^^^^^^^^^^^^^^^^^^^^^^^^^^^^^^^^^^^^^^^^^^^^^^^^
          (str(self.session_id),)
          ^^^^^^^^^^^^^^^^^^^^^^^
      )
      ^
  psycopg2.errors.InsufficientPrivilege: permiso denegado a la tabla system_active_sessions
----------------------------------------
[20:40:43] [Código: SES-003] - Error en heartbeat: permiso denegado a la tabla system_active_sessions

Traceback:
  Traceback (most recent call last):
    File "C:\Users\USUARIO\Documents\Proyectos\Odyssea\core\updater\session_manager.py", line 86, in heartbeat
      cur.execute(
      ~~~~~~~~~~~^
          "UPDATE system_active_sessions SET last_heartbeat = NOW() WHERE session_id = %s",
          ^^^^^^^^^^^^^^^^^^^^^^^^^^^^^^^^^^^^^^^^^^^^^^^^^^^^^^^^^^^^^^^^^^^^^^^^^^^^^^^^^
          (str(self.session_id),)
          ^^^^^^^^^^^^^^^^^^^^^^^
      )
      ^
  psycopg2.errors.InsufficientPrivilege: permiso denegado a la tabla system_active_sessions
----------------------------------------
[20:39:38] [Código: SES-003] - Error en heartbeat: permiso denegado a la tabla system_active_sessions

Traceback:
  Traceback (most recent call last):
    File "C:\Users\USUARIO\Documents\Proyectos\Odyssea\core\updater\session_manager.py", line 86, in heartbeat
      cur.execute(
      ~~~~~~~~~~~^
          "UPDATE system_active_sessions SET last_heartbeat = NOW() WHERE session_id = %s",
          ^^^^^^^^^^^^^^^^^^^^^^^^^^^^^^^^^^^^^^^^^^^^^^^^^^^^^^^^^^^^^^^^^^^^^^^^^^^^^^^^^
          (str(self.session_id),)
          ^^^^^^^^^^^^^^^^^^^^^^^
      )
      ^
  psycopg2.errors.InsufficientPrivilege: permiso denegado a la tabla system_active_sessions
----------------------------------------
[20:38:33] [Código: SES-003] - Error en heartbeat: permiso denegado a la tabla system_active_sessions

Traceback:
  Traceback (most recent call last):
    File "C:\Users\USUARIO\Documents\Proyectos\Odyssea\core\updater\session_manager.py", line 86, in heartbeat
      cur.execute(
      ~~~~~~~~~~~^
          "UPDATE system_active_sessions SET last_heartbeat = NOW() WHERE session_id = %s",
          ^^^^^^^^^^^^^^^^^^^^^^^^^^^^^^^^^^^^^^^^^^^^^^^^^^^^^^^^^^^^^^^^^^^^^^^^^^^^^^^^^
          (str(self.session_id),)
          ^^^^^^^^^^^^^^^^^^^^^^^
      )
      ^
  psycopg2.errors.InsufficientPrivilege: permiso denegado a la tabla system_active_sessions
----------------------------------------
[20:37:27] [Código: SES-003] - Error en heartbeat: permiso denegado a la tabla system_active_sessions

Traceback:
  Traceback (most recent call last):
    File "C:\Users\USUARIO\Documents\Proyectos\Odyssea\core\updater\session_manager.py", line 86, in heartbeat
      cur.execute(
      ~~~~~~~~~~~^
          "UPDATE system_active_sessions SET last_heartbeat = NOW() WHERE session_id = %s",
          ^^^^^^^^^^^^^^^^^^^^^^^^^^^^^^^^^^^^^^^^^^^^^^^^^^^^^^^^^^^^^^^^^^^^^^^^^^^^^^^^^
          (str(self.session_id),)
          ^^^^^^^^^^^^^^^^^^^^^^^
      )
      ^
  psycopg2.errors.InsufficientPrivilege: permiso denegado a la tabla system_active_sessions
----------------------------------------
[20:36:23] [Código: SES-003] - Error en heartbeat: permiso denegado a la tabla system_active_sessions

Traceback:
  Traceback (most recent call last):
    File "C:\Users\USUARIO\Documents\Proyectos\Odyssea\core\updater\session_manager.py", line 86, in heartbeat
      cur.execute(
      ~~~~~~~~~~~^
          "UPDATE system_active_sessions SET last_heartbeat = NOW() WHERE session_id = %s",
          ^^^^^^^^^^^^^^^^^^^^^^^^^^^^^^^^^^^^^^^^^^^^^^^^^^^^^^^^^^^^^^^^^^^^^^^^^^^^^^^^^
          (str(self.session_id),)
          ^^^^^^^^^^^^^^^^^^^^^^^
      )
      ^
  psycopg2.errors.InsufficientPrivilege: permiso denegado a la tabla system_active_sessions
----------------------------------------
[20:35:18] [Código: SES-003] - Error en heartbeat: permiso denegado a la tabla system_active_sessions

Traceback:
  Traceback (most recent call last):
    File "C:\Users\USUARIO\Documents\Proyectos\Odyssea\core\updater\session_manager.py", line 86, in heartbeat
      cur.execute(
      ~~~~~~~~~~~^
          "UPDATE system_active_sessions SET last_heartbeat = NOW() WHERE session_id = %s",
          ^^^^^^^^^^^^^^^^^^^^^^^^^^^^^^^^^^^^^^^^^^^^^^^^^^^^^^^^^^^^^^^^^^^^^^^^^^^^^^^^^
          (str(self.session_id),)
          ^^^^^^^^^^^^^^^^^^^^^^^
      )
      ^
  psycopg2.errors.InsufficientPrivilege: permiso denegado a la tabla system_active_sessions
----------------------------------------
[20:34:13] [Código: SES-003] - Error en heartbeat: permiso denegado a la tabla system_active_sessions

Traceback:
  Traceback (most recent call last):
    File "C:\Users\USUARIO\Documents\Proyectos\Odyssea\core\updater\session_manager.py", line 86, in heartbeat
      cur.execute(
      ~~~~~~~~~~~^
          "UPDATE system_active_sessions SET last_heartbeat = NOW() WHERE session_id = %s",
          ^^^^^^^^^^^^^^^^^^^^^^^^^^^^^^^^^^^^^^^^^^^^^^^^^^^^^^^^^^^^^^^^^^^^^^^^^^^^^^^^^
          (str(self.session_id),)
          ^^^^^^^^^^^^^^^^^^^^^^^
      )
      ^
  psycopg2.errors.InsufficientPrivilege: permiso denegado a la tabla system_active_sessions
----------------------------------------
[20:33:08] [Código: SES-003] - Error en heartbeat: permiso denegado a la tabla system_active_sessions

Traceback:
  Traceback (most recent call last):
    File "C:\Users\USUARIO\Documents\Proyectos\Odyssea\core\updater\session_manager.py", line 86, in heartbeat
      cur.execute(
      ~~~~~~~~~~~^
          "UPDATE system_active_sessions SET last_heartbeat = NOW() WHERE session_id = %s",
          ^^^^^^^^^^^^^^^^^^^^^^^^^^^^^^^^^^^^^^^^^^^^^^^^^^^^^^^^^^^^^^^^^^^^^^^^^^^^^^^^^
          (str(self.session_id),)
          ^^^^^^^^^^^^^^^^^^^^^^^
      )
      ^
  psycopg2.errors.InsufficientPrivilege: permiso denegado a la tabla system_active_sessions
----------------------------------------
[20:32:03] [Código: SES-003] - Error en heartbeat: permiso denegado a la tabla system_active_sessions

Traceback:
  Traceback (most recent call last):
    File "C:\Users\USUARIO\Documents\Proyectos\Odyssea\core\updater\session_manager.py", line 86, in heartbeat
      cur.execute(
      ~~~~~~~~~~~^
          "UPDATE system_active_sessions SET last_heartbeat = NOW() WHERE session_id = %s",
          ^^^^^^^^^^^^^^^^^^^^^^^^^^^^^^^^^^^^^^^^^^^^^^^^^^^^^^^^^^^^^^^^^^^^^^^^^^^^^^^^^
          (str(self.session_id),)
          ^^^^^^^^^^^^^^^^^^^^^^^
      )
      ^
  psycopg2.errors.InsufficientPrivilege: permiso denegado a la tabla system_active_sessions
----------------------------------------
[20:30:58] [Código: SES-003] - Error en heartbeat: permiso denegado a la tabla system_active_sessions

Traceback:
  Traceback (most recent call last):
    File "C:\Users\USUARIO\Documents\Proyectos\Odyssea\core\updater\session_manager.py", line 86, in heartbeat
      cur.execute(
      ~~~~~~~~~~~^
          "UPDATE system_active_sessions SET last_heartbeat = NOW() WHERE session_id = %s",
          ^^^^^^^^^^^^^^^^^^^^^^^^^^^^^^^^^^^^^^^^^^^^^^^^^^^^^^^^^^^^^^^^^^^^^^^^^^^^^^^^^
          (str(self.session_id),)
          ^^^^^^^^^^^^^^^^^^^^^^^
      )
      ^
  psycopg2.errors.InsufficientPrivilege: permiso denegado a la tabla system_active_sessions
----------------------------------------
[20:29:50] [Código: SES-003] - Error en heartbeat: permiso denegado a la tabla system_active_sessions

Traceback:
  Traceback (most recent call last):
    File "C:\Users\USUARIO\Documents\Proyectos\Odyssea\core\updater\session_manager.py", line 86, in heartbeat
      cur.execute(
      ~~~~~~~~~~~^
          "UPDATE system_active_sessions SET last_heartbeat = NOW() WHERE session_id = %s",
          ^^^^^^^^^^^^^^^^^^^^^^^^^^^^^^^^^^^^^^^^^^^^^^^^^^^^^^^^^^^^^^^^^^^^^^^^^^^^^^^^^
          (str(self.session_id),)
          ^^^^^^^^^^^^^^^^^^^^^^^
      )
      ^
  psycopg2.errors.InsufficientPrivilege: permiso denegado a la tabla system_active_sessions
----------------------------------------
[20:28:42] [Código: SES-003] - Error en heartbeat: permiso denegado a la tabla system_active_sessions

Traceback:
  Traceback (most recent call last):
    File "C:\Users\USUARIO\Documents\Proyectos\Odyssea\core\updater\session_manager.py", line 86, in heartbeat
      cur.execute(
      ~~~~~~~~~~~^
          "UPDATE system_active_sessions SET last_heartbeat = NOW() WHERE session_id = %s",
          ^^^^^^^^^^^^^^^^^^^^^^^^^^^^^^^^^^^^^^^^^^^^^^^^^^^^^^^^^^^^^^^^^^^^^^^^^^^^^^^^^
          (str(self.session_id),)
          ^^^^^^^^^^^^^^^^^^^^^^^
      )
      ^
  psycopg2.errors.InsufficientPrivilege: permiso denegado a la tabla system_active_sessions
----------------------------------------
[20:27:34] [Código: SES-003] - Error en heartbeat: permiso denegado a la tabla system_active_sessions

Traceback:
  Traceback (most recent call last):
    File "C:\Users\USUARIO\Documents\Proyectos\Odyssea\core\updater\session_manager.py", line 86, in heartbeat
      cur.execute(
      ~~~~~~~~~~~^
          "UPDATE system_active_sessions SET last_heartbeat = NOW() WHERE session_id = %s",
          ^^^^^^^^^^^^^^^^^^^^^^^^^^^^^^^^^^^^^^^^^^^^^^^^^^^^^^^^^^^^^^^^^^^^^^^^^^^^^^^^^
          (str(self.session_id),)
          ^^^^^^^^^^^^^^^^^^^^^^^
      )
      ^
  psycopg2.errors.InsufficientPrivilege: permiso denegado a la tabla system_active_sessions
----------------------------------------
[20:26:27] [Código: SES-003] - Error en heartbeat: permiso denegado a la tabla system_active_sessions

Traceback:
  Traceback (most recent call last):
    File "C:\Users\USUARIO\Documents\Proyectos\Odyssea\core\updater\session_manager.py", line 86, in heartbeat
      cur.execute(
      ~~~~~~~~~~~^
          "UPDATE system_active_sessions SET last_heartbeat = NOW() WHERE session_id = %s",
          ^^^^^^^^^^^^^^^^^^^^^^^^^^^^^^^^^^^^^^^^^^^^^^^^^^^^^^^^^^^^^^^^^^^^^^^^^^^^^^^^^
          (str(self.session_id),)
          ^^^^^^^^^^^^^^^^^^^^^^^
      )
      ^
  psycopg2.errors.InsufficientPrivilege: permiso denegado a la tabla system_active_sessions
----------------------------------------
[20:25:18] [Código: SES-003] - Error en heartbeat: permiso denegado a la tabla system_active_sessions

Traceback:
  Traceback (most recent call last):
    File "C:\Users\USUARIO\Documents\Proyectos\Odyssea\core\updater\session_manager.py", line 86, in heartbeat
      cur.execute(
      ~~~~~~~~~~~^
          "UPDATE system_active_sessions SET last_heartbeat = NOW() WHERE session_id = %s",
          ^^^^^^^^^^^^^^^^^^^^^^^^^^^^^^^^^^^^^^^^^^^^^^^^^^^^^^^^^^^^^^^^^^^^^^^^^^^^^^^^^
          (str(self.session_id),)
          ^^^^^^^^^^^^^^^^^^^^^^^
      )
      ^
  psycopg2.errors.InsufficientPrivilege: permiso denegado a la tabla system_active_sessions
----------------------------------------
[20:24:10] [Código: SES-003] - Error en heartbeat: permiso denegado a la tabla system_active_sessions

Traceback:
  Traceback (most recent call last):
    File "C:\Users\USUARIO\Documents\Proyectos\Odyssea\core\updater\session_manager.py", line 86, in heartbeat
      cur.execute(
      ~~~~~~~~~~~^
          "UPDATE system_active_sessions SET last_heartbeat = NOW() WHERE session_id = %s",
          ^^^^^^^^^^^^^^^^^^^^^^^^^^^^^^^^^^^^^^^^^^^^^^^^^^^^^^^^^^^^^^^^^^^^^^^^^^^^^^^^^
          (str(self.session_id),)
          ^^^^^^^^^^^^^^^^^^^^^^^
      )
      ^
  psycopg2.errors.InsufficientPrivilege: permiso denegado a la tabla system_active_sessions
----------------------------------------
[20:23:03] [Código: SES-003] - Error en heartbeat: permiso denegado a la tabla system_active_sessions

Traceback:
  Traceback (most recent call last):
    File "C:\Users\USUARIO\Documents\Proyectos\Odyssea\core\updater\session_manager.py", line 86, in heartbeat
      cur.execute(
      ~~~~~~~~~~~^
          "UPDATE system_active_sessions SET last_heartbeat = NOW() WHERE session_id = %s",
          ^^^^^^^^^^^^^^^^^^^^^^^^^^^^^^^^^^^^^^^^^^^^^^^^^^^^^^^^^^^^^^^^^^^^^^^^^^^^^^^^^
          (str(self.session_id),)
          ^^^^^^^^^^^^^^^^^^^^^^^
      )
      ^
  psycopg2.errors.InsufficientPrivilege: permiso denegado a la tabla system_active_sessions
----------------------------------------
[20:21:54] [Código: SES-003] - Error en heartbeat: permiso denegado a la tabla system_active_sessions

Traceback:
  Traceback (most recent call last):
    File "C:\Users\USUARIO\Documents\Proyectos\Odyssea\core\updater\session_manager.py", line 86, in heartbeat
      cur.execute(
      ~~~~~~~~~~~^
          "UPDATE system_active_sessions SET last_heartbeat = NOW() WHERE session_id = %s",
          ^^^^^^^^^^^^^^^^^^^^^^^^^^^^^^^^^^^^^^^^^^^^^^^^^^^^^^^^^^^^^^^^^^^^^^^^^^^^^^^^^
          (str(self.session_id),)
          ^^^^^^^^^^^^^^^^^^^^^^^
      )
      ^
  psycopg2.errors.InsufficientPrivilege: permiso denegado a la tabla system_active_sessions
----------------------------------------
[20:20:49] [Código: SES-003] - Error en heartbeat: permiso denegado a la tabla system_active_sessions

Traceback:
  Traceback (most recent call last):
    File "C:\Users\USUARIO\Documents\Proyectos\Odyssea\core\updater\session_manager.py", line 86, in heartbeat
      cur.execute(
      ~~~~~~~~~~~^
          "UPDATE system_active_sessions SET last_heartbeat = NOW() WHERE session_id = %s",
          ^^^^^^^^^^^^^^^^^^^^^^^^^^^^^^^^^^^^^^^^^^^^^^^^^^^^^^^^^^^^^^^^^^^^^^^^^^^^^^^^^
          (str(self.session_id),)
          ^^^^^^^^^^^^^^^^^^^^^^^
      )
      ^
  psycopg2.errors.InsufficientPrivilege: permiso denegado a la tabla system_active_sessions
----------------------------------------
[20:20:48] [Código: SES-002] - Error al registrar sesión: permiso denegado a la tabla system_active_sessions

Traceback:
  Traceback (most recent call last):
    File "C:\Users\USUARIO\Documents\Proyectos\Odyssea\core\updater\session_manager.py", line 54, in _register
      cur.execute("""
      ~~~~~~~~~~~^^^^
          INSERT INTO system_active_sessions (session_id, workstation_name, ip_address)
          ^^^^^^^^^^^^^^^^^^^^^^^^^^^^^^^^^^^^^^^^^^^^^^^^^^^^^^^^^^^^^^^^^^^^^^^^^^^^^
          VALUES (%s, %s, %s)
          ^^^^^^^^^^^^^^^^^^^
      """, (str(self.session_id), socket.gethostname(), self._get_ip()))
      ^^^^^^^^^^^^^^^^^^^^^^^^^^^^^^^^^^^^^^^^^^^^^^^^^^^^^^^^^^^^^^^^^^
  psycopg2.errors.InsufficientPrivilege: permiso denegado a la tabla system_active_sessions
----------------------------------------
[20:20:48] [Código: LIC-005] - Error al verificar estaciones: permiso denegado a la tabla system_active_sessions

Traceback:
  Traceback (most recent call last):
    File "C:\Users\USUARIO\Documents\Proyectos\Odyssea\core\updater\license_checker.py", line 102, in check_stations
      cur.execute("""
      ~~~~~~~~~~~^^^^
          SELECT COUNT(*) FROM system_active_sessions
          ^^^^^^^^^^^^^^^^^^^^^^^^^^^^^^^^^^^^^^^^^^^
          WHERE last_heartbeat > NOW() - INTERVAL '2 minutes'
          ^^^^^^^^^^^^^^^^^^^^^^^^^^^^^^^^^^^^^^^^^^^^^^^^^^^
      """)
      ^^^^
  psycopg2.errors.InsufficientPrivilege: permiso denegado a la tabla system_active_sessions
----------------------------------------
[20:16:12] [Código: SES-003] - Error en heartbeat: permiso denegado a la tabla system_active_sessions

Traceback:
  Traceback (most recent call last):
    File "C:\Users\USUARIO\Documents\Proyectos\Odyssea\core\updater\session_manager.py", line 86, in heartbeat
      cur.execute(
      ~~~~~~~~~~~^
          "UPDATE system_active_sessions SET last_heartbeat = NOW() WHERE session_id = %s",
          ^^^^^^^^^^^^^^^^^^^^^^^^^^^^^^^^^^^^^^^^^^^^^^^^^^^^^^^^^^^^^^^^^^^^^^^^^^^^^^^^^
          (str(self.session_id),)
          ^^^^^^^^^^^^^^^^^^^^^^^
      )
      ^
  psycopg2.errors.InsufficientPrivilege: permiso denegado a la tabla system_active_sessions
----------------------------------------
[20:16:12] [Código: SES-002] - Error al registrar sesión: permiso denegado a la tabla system_active_sessions

Traceback:
  Traceback (most recent call last):
    File "C:\Users\USUARIO\Documents\Proyectos\Odyssea\core\updater\session_manager.py", line 54, in _register
      cur.execute("""
      ~~~~~~~~~~~^^^^
          INSERT INTO system_active_sessions (session_id, workstation_name, ip_address)
          ^^^^^^^^^^^^^^^^^^^^^^^^^^^^^^^^^^^^^^^^^^^^^^^^^^^^^^^^^^^^^^^^^^^^^^^^^^^^^
          VALUES (%s, %s, %s)
          ^^^^^^^^^^^^^^^^^^^
      """, (str(self.session_id), socket.gethostname(), self._get_ip()))
      ^^^^^^^^^^^^^^^^^^^^^^^^^^^^^^^^^^^^^^^^^^^^^^^^^^^^^^^^^^^^^^^^^^
  psycopg2.errors.InsufficientPrivilege: permiso denegado a la tabla system_active_sessions
----------------------------------------
[20:16:12] [Código: LIC-005] - Error al verificar estaciones: permiso denegado a la tabla system_active_sessions

Traceback:
  Traceback (most recent call last):
    File "C:\Users\USUARIO\Documents\Proyectos\Odyssea\core\updater\license_checker.py", line 102, in check_stations
      cur.execute("""
      ~~~~~~~~~~~^^^^
          SELECT COUNT(*) FROM system_active_sessions
          ^^^^^^^^^^^^^^^^^^^^^^^^^^^^^^^^^^^^^^^^^^^
          WHERE last_heartbeat > NOW() - INTERVAL '2 minutes'
          ^^^^^^^^^^^^^^^^^^^^^^^^^^^^^^^^^^^^^^^^^^^^^^^^^^^
      """)
      ^^^^
  psycopg2.errors.InsufficientPrivilege: permiso denegado a la tabla system_active_sessions
----------------------------------------
[20:15:14] [Código: SES-003] - Error en heartbeat: permiso denegado a la tabla system_active_sessions

Traceback:
  Traceback (most recent call last):
    File "C:\Users\USUARIO\Documents\Proyectos\Odyssea\core\updater\session_manager.py", line 86, in heartbeat
      cur.execute(
      ~~~~~~~~~~~^
          "UPDATE system_active_sessions SET last_heartbeat = NOW() WHERE session_id = %s",
          ^^^^^^^^^^^^^^^^^^^^^^^^^^^^^^^^^^^^^^^^^^^^^^^^^^^^^^^^^^^^^^^^^^^^^^^^^^^^^^^^^
          (str(self.session_id),)
          ^^^^^^^^^^^^^^^^^^^^^^^
      )
      ^
  psycopg2.errors.InsufficientPrivilege: permiso denegado a la tabla system_active_sessions
----------------------------------------
[20:15:14] [Código: SES-002] - Error al registrar sesión: permiso denegado a la tabla system_active_sessions

Traceback:
  Traceback (most recent call last):
    File "C:\Users\USUARIO\Documents\Proyectos\Odyssea\core\updater\session_manager.py", line 54, in _register
      cur.execute("""
      ~~~~~~~~~~~^^^^
          INSERT INTO system_active_sessions (session_id, workstation_name, ip_address)
          ^^^^^^^^^^^^^^^^^^^^^^^^^^^^^^^^^^^^^^^^^^^^^^^^^^^^^^^^^^^^^^^^^^^^^^^^^^^^^
          VALUES (%s, %s, %s)
          ^^^^^^^^^^^^^^^^^^^
      """, (str(self.session_id), socket.gethostname(), self._get_ip()))
      ^^^^^^^^^^^^^^^^^^^^^^^^^^^^^^^^^^^^^^^^^^^^^^^^^^^^^^^^^^^^^^^^^^
  psycopg2.errors.InsufficientPrivilege: permiso denegado a la tabla system_active_sessions
----------------------------------------
[20:15:14] [Código: LIC-005] - Error al verificar estaciones: permiso denegado a la tabla system_active_sessions

Traceback:
  Traceback (most recent call last):
    File "C:\Users\USUARIO\Documents\Proyectos\Odyssea\core\updater\license_checker.py", line 102, in check_stations
      cur.execute("""
      ~~~~~~~~~~~^^^^
          SELECT COUNT(*) FROM system_active_sessions
          ^^^^^^^^^^^^^^^^^^^^^^^^^^^^^^^^^^^^^^^^^^^
          WHERE last_heartbeat > NOW() - INTERVAL '2 minutes'
          ^^^^^^^^^^^^^^^^^^^^^^^^^^^^^^^^^^^^^^^^^^^^^^^^^^^
      """)
      ^^^^
  psycopg2.errors.InsufficientPrivilege: permiso denegado a la tabla system_active_sessions
----------------------------------------
[20:10:22] [Código: SES-003] - Error en heartbeat: permiso denegado a la tabla system_active_sessions

Traceback:
  Traceback (most recent call last):
    File "C:\Users\USUARIO\Documents\Proyectos\Odyssea\core\updater\session_manager.py", line 86, in heartbeat
      cur.execute(
      ~~~~~~~~~~~^
          "UPDATE system_active_sessions SET last_heartbeat = NOW() WHERE session_id = %s",
          ^^^^^^^^^^^^^^^^^^^^^^^^^^^^^^^^^^^^^^^^^^^^^^^^^^^^^^^^^^^^^^^^^^^^^^^^^^^^^^^^^
          (str(self.session_id),)
          ^^^^^^^^^^^^^^^^^^^^^^^
      )
      ^
  psycopg2.errors.InsufficientPrivilege: permiso denegado a la tabla system_active_sessions
----------------------------------------
[20:09:14] [Código: SES-003] - Error en heartbeat: permiso denegado a la tabla system_active_sessions

Traceback:
  Traceback (most recent call last):
    File "C:\Users\USUARIO\Documents\Proyectos\Odyssea\core\updater\session_manager.py", line 86, in heartbeat
      cur.execute(
      ~~~~~~~~~~~^
          "UPDATE system_active_sessions SET last_heartbeat = NOW() WHERE session_id = %s",
          ^^^^^^^^^^^^^^^^^^^^^^^^^^^^^^^^^^^^^^^^^^^^^^^^^^^^^^^^^^^^^^^^^^^^^^^^^^^^^^^^^
          (str(self.session_id),)
          ^^^^^^^^^^^^^^^^^^^^^^^
      )
      ^
  psycopg2.errors.InsufficientPrivilege: permiso denegado a la tabla system_active_sessions
----------------------------------------
[20:08:06] [Código: SES-003] - Error en heartbeat: permiso denegado a la tabla system_active_sessions

Traceback:
  Traceback (most recent call last):
    File "C:\Users\USUARIO\Documents\Proyectos\Odyssea\core\updater\session_manager.py", line 86, in heartbeat
      cur.execute(
      ~~~~~~~~~~~^
          "UPDATE system_active_sessions SET last_heartbeat = NOW() WHERE session_id = %s",
          ^^^^^^^^^^^^^^^^^^^^^^^^^^^^^^^^^^^^^^^^^^^^^^^^^^^^^^^^^^^^^^^^^^^^^^^^^^^^^^^^^
          (str(self.session_id),)
          ^^^^^^^^^^^^^^^^^^^^^^^
      )
      ^
  psycopg2.errors.InsufficientPrivilege: permiso denegado a la tabla system_active_sessions
----------------------------------------
[20:06:58] [Código: SES-003] - Error en heartbeat: permiso denegado a la tabla system_active_sessions

Traceback:
  Traceback (most recent call last):
    File "C:\Users\USUARIO\Documents\Proyectos\Odyssea\core\updater\session_manager.py", line 86, in heartbeat
      cur.execute(
      ~~~~~~~~~~~^
          "UPDATE system_active_sessions SET last_heartbeat = NOW() WHERE session_id = %s",
          ^^^^^^^^^^^^^^^^^^^^^^^^^^^^^^^^^^^^^^^^^^^^^^^^^^^^^^^^^^^^^^^^^^^^^^^^^^^^^^^^^
          (str(self.session_id),)
          ^^^^^^^^^^^^^^^^^^^^^^^
      )
      ^
  psycopg2.errors.InsufficientPrivilege: permiso denegado a la tabla system_active_sessions
----------------------------------------
[20:05:50] [Código: SES-003] - Error en heartbeat: permiso denegado a la tabla system_active_sessions

Traceback:
  Traceback (most recent call last):
    File "C:\Users\USUARIO\Documents\Proyectos\Odyssea\core\updater\session_manager.py", line 86, in heartbeat
      cur.execute(
      ~~~~~~~~~~~^
          "UPDATE system_active_sessions SET last_heartbeat = NOW() WHERE session_id = %s",
          ^^^^^^^^^^^^^^^^^^^^^^^^^^^^^^^^^^^^^^^^^^^^^^^^^^^^^^^^^^^^^^^^^^^^^^^^^^^^^^^^^
          (str(self.session_id),)
          ^^^^^^^^^^^^^^^^^^^^^^^
      )
      ^
  psycopg2.errors.InsufficientPrivilege: permiso denegado a la tabla system_active_sessions
----------------------------------------
[20:04:42] [Código: SES-003] - Error en heartbeat: permiso denegado a la tabla system_active_sessions

Traceback:
  Traceback (most recent call last):
    File "C:\Users\USUARIO\Documents\Proyectos\Odyssea\core\updater\session_manager.py", line 86, in heartbeat
      cur.execute(
      ~~~~~~~~~~~^
          "UPDATE system_active_sessions SET last_heartbeat = NOW() WHERE session_id = %s",
          ^^^^^^^^^^^^^^^^^^^^^^^^^^^^^^^^^^^^^^^^^^^^^^^^^^^^^^^^^^^^^^^^^^^^^^^^^^^^^^^^^
          (str(self.session_id),)
          ^^^^^^^^^^^^^^^^^^^^^^^
      )
      ^
  psycopg2.errors.InsufficientPrivilege: permiso denegado a la tabla system_active_sessions
----------------------------------------
[20:03:34] [Código: SES-003] - Error en heartbeat: permiso denegado a la tabla system_active_sessions

Traceback:
  Traceback (most recent call last):
    File "C:\Users\USUARIO\Documents\Proyectos\Odyssea\core\updater\session_manager.py", line 86, in heartbeat
      cur.execute(
      ~~~~~~~~~~~^
          "UPDATE system_active_sessions SET last_heartbeat = NOW() WHERE session_id = %s",
          ^^^^^^^^^^^^^^^^^^^^^^^^^^^^^^^^^^^^^^^^^^^^^^^^^^^^^^^^^^^^^^^^^^^^^^^^^^^^^^^^^
          (str(self.session_id),)
          ^^^^^^^^^^^^^^^^^^^^^^^
      )
      ^
  psycopg2.errors.InsufficientPrivilege: permiso denegado a la tabla system_active_sessions
----------------------------------------
[20:02:29] [Código: SES-003] - Error en heartbeat: permiso denegado a la tabla system_active_sessions

Traceback:
  Traceback (most recent call last):
    File "C:\Users\USUARIO\Documents\Proyectos\Odyssea\core\updater\session_manager.py", line 86, in heartbeat
      cur.execute(
      ~~~~~~~~~~~^
          "UPDATE system_active_sessions SET last_heartbeat = NOW() WHERE session_id = %s",
          ^^^^^^^^^^^^^^^^^^^^^^^^^^^^^^^^^^^^^^^^^^^^^^^^^^^^^^^^^^^^^^^^^^^^^^^^^^^^^^^^^
          (str(self.session_id),)
          ^^^^^^^^^^^^^^^^^^^^^^^
      )
      ^
  psycopg2.errors.InsufficientPrivilege: permiso denegado a la tabla system_active_sessions
----------------------------------------
[20:02:28] [Código: SES-002] - Error al registrar sesión: permiso denegado a la tabla system_active_sessions

Traceback:
  Traceback (most recent call last):
    File "C:\Users\USUARIO\Documents\Proyectos\Odyssea\core\updater\session_manager.py", line 54, in _register
      cur.execute("""
      ~~~~~~~~~~~^^^^
          INSERT INTO system_active_sessions (session_id, workstation_name, ip_address)
          ^^^^^^^^^^^^^^^^^^^^^^^^^^^^^^^^^^^^^^^^^^^^^^^^^^^^^^^^^^^^^^^^^^^^^^^^^^^^^
          VALUES (%s, %s, %s)
          ^^^^^^^^^^^^^^^^^^^
      """, (str(self.session_id), socket.gethostname(), self._get_ip()))
      ^^^^^^^^^^^^^^^^^^^^^^^^^^^^^^^^^^^^^^^^^^^^^^^^^^^^^^^^^^^^^^^^^^
  psycopg2.errors.InsufficientPrivilege: permiso denegado a la tabla system_active_sessions
----------------------------------------
[20:02:28] [Código: LIC-005] - Error al verificar estaciones: permiso denegado a la tabla system_active_sessions

Traceback:
  Traceback (most recent call last):
    File "C:\Users\USUARIO\Documents\Proyectos\Odyssea\core\updater\license_checker.py", line 102, in check_stations
      cur.execute("""
      ~~~~~~~~~~~^^^^
          SELECT COUNT(*) FROM system_active_sessions
          ^^^^^^^^^^^^^^^^^^^^^^^^^^^^^^^^^^^^^^^^^^^
          WHERE last_heartbeat > NOW() - INTERVAL '2 minutes'
          ^^^^^^^^^^^^^^^^^^^^^^^^^^^^^^^^^^^^^^^^^^^^^^^^^^^
      """)
      ^^^^
  psycopg2.errors.InsufficientPrivilege: permiso denegado a la tabla system_active_sessions
----------------------------------------
[14:14:10] [Código: SES-003] - Error en heartbeat: permiso denegado a la tabla system_active_sessions

Traceback:
  Traceback (most recent call last):
    File "C:\Users\USUARIO\Documents\Proyectos\Odyssea\core\updater\session_manager.py", line 82, in heartbeat
      cur.execute(
      ~~~~~~~~~~~^
          "UPDATE system_active_sessions SET last_heartbeat = NOW() WHERE session_id = %s",
          ^^^^^^^^^^^^^^^^^^^^^^^^^^^^^^^^^^^^^^^^^^^^^^^^^^^^^^^^^^^^^^^^^^^^^^^^^^^^^^^^^
          (str(self.session_id),)
          ^^^^^^^^^^^^^^^^^^^^^^^
      )
      ^
  psycopg2.errors.InsufficientPrivilege: permiso denegado a la tabla system_active_sessions
----------------------------------------
[14:13:02] [Código: SES-003] - Error en heartbeat: permiso denegado a la tabla system_active_sessions

Traceback:
  Traceback (most recent call last):
    File "C:\Users\USUARIO\Documents\Proyectos\Odyssea\core\updater\session_manager.py", line 82, in heartbeat
      cur.execute(
      ~~~~~~~~~~~^
          "UPDATE system_active_sessions SET last_heartbeat = NOW() WHERE session_id = %s",
          ^^^^^^^^^^^^^^^^^^^^^^^^^^^^^^^^^^^^^^^^^^^^^^^^^^^^^^^^^^^^^^^^^^^^^^^^^^^^^^^^^
          (str(self.session_id),)
          ^^^^^^^^^^^^^^^^^^^^^^^
      )
      ^
  psycopg2.errors.InsufficientPrivilege: permiso denegado a la tabla system_active_sessions
----------------------------------------
[14:11:54] [Código: SES-003] - Error en heartbeat: permiso denegado a la tabla system_active_sessions

Traceback:
  Traceback (most recent call last):
    File "C:\Users\USUARIO\Documents\Proyectos\Odyssea\core\updater\session_manager.py", line 82, in heartbeat
      cur.execute(
      ~~~~~~~~~~~^
          "UPDATE system_active_sessions SET last_heartbeat = NOW() WHERE session_id = %s",
          ^^^^^^^^^^^^^^^^^^^^^^^^^^^^^^^^^^^^^^^^^^^^^^^^^^^^^^^^^^^^^^^^^^^^^^^^^^^^^^^^^
          (str(self.session_id),)
          ^^^^^^^^^^^^^^^^^^^^^^^
      )
      ^
  psycopg2.errors.InsufficientPrivilege: permiso denegado a la tabla system_active_sessions
----------------------------------------
[14:10:50] [Código: SES-003] - Error en heartbeat: permiso denegado a la tabla system_active_sessions

Traceback:
  Traceback (most recent call last):
    File "C:\Users\USUARIO\Documents\Proyectos\Odyssea\core\updater\session_manager.py", line 82, in heartbeat
      cur.execute(
      ~~~~~~~~~~~^
          "UPDATE system_active_sessions SET last_heartbeat = NOW() WHERE session_id = %s",
          ^^^^^^^^^^^^^^^^^^^^^^^^^^^^^^^^^^^^^^^^^^^^^^^^^^^^^^^^^^^^^^^^^^^^^^^^^^^^^^^^^
          (str(self.session_id),)
          ^^^^^^^^^^^^^^^^^^^^^^^
      )
      ^
  psycopg2.errors.InsufficientPrivilege: permiso denegado a la tabla system_active_sessions
----------------------------------------
[14:09:46] [Código: SES-003] - Error en heartbeat: permiso denegado a la tabla system_active_sessions

Traceback:
  Traceback (most recent call last):
    File "C:\Users\USUARIO\Documents\Proyectos\Odyssea\core\updater\session_manager.py", line 82, in heartbeat
      cur.execute(
      ~~~~~~~~~~~^
          "UPDATE system_active_sessions SET last_heartbeat = NOW() WHERE session_id = %s",
          ^^^^^^^^^^^^^^^^^^^^^^^^^^^^^^^^^^^^^^^^^^^^^^^^^^^^^^^^^^^^^^^^^^^^^^^^^^^^^^^^^
          (str(self.session_id),)
          ^^^^^^^^^^^^^^^^^^^^^^^
      )
      ^
  psycopg2.errors.InsufficientPrivilege: permiso denegado a la tabla system_active_sessions
----------------------------------------
[14:08:41] [Código: SES-003] - Error en heartbeat: permiso denegado a la tabla system_active_sessions

Traceback:
  Traceback (most recent call last):
    File "C:\Users\USUARIO\Documents\Proyectos\Odyssea\core\updater\session_manager.py", line 82, in heartbeat
      cur.execute(
      ~~~~~~~~~~~^
          "UPDATE system_active_sessions SET last_heartbeat = NOW() WHERE session_id = %s",
          ^^^^^^^^^^^^^^^^^^^^^^^^^^^^^^^^^^^^^^^^^^^^^^^^^^^^^^^^^^^^^^^^^^^^^^^^^^^^^^^^^
          (str(self.session_id),)
          ^^^^^^^^^^^^^^^^^^^^^^^
      )
      ^
  psycopg2.errors.InsufficientPrivilege: permiso denegado a la tabla system_active_sessions
----------------------------------------
[14:07:37] [Código: SES-003] - Error en heartbeat: permiso denegado a la tabla system_active_sessions

Traceback:
  Traceback (most recent call last):
    File "C:\Users\USUARIO\Documents\Proyectos\Odyssea\core\updater\session_manager.py", line 82, in heartbeat
      cur.execute(
      ~~~~~~~~~~~^
          "UPDATE system_active_sessions SET last_heartbeat = NOW() WHERE session_id = %s",
          ^^^^^^^^^^^^^^^^^^^^^^^^^^^^^^^^^^^^^^^^^^^^^^^^^^^^^^^^^^^^^^^^^^^^^^^^^^^^^^^^^
          (str(self.session_id),)
          ^^^^^^^^^^^^^^^^^^^^^^^
      )
      ^
  psycopg2.errors.InsufficientPrivilege: permiso denegado a la tabla system_active_sessions
----------------------------------------

==================================================
 FECHA: 2025-06-22
==================================================
[20:44:07] [Código: SES-002] - Error al registrar sesión: permiso denegado a la tabla system_active_sessions

Traceback:
  Traceback (most recent call last):
    File "C:\Users\USUARIO\Documents\Proyectos\Odyssea\core\updater\session_manager.py", line 54, in _register
      cur.execute("""
      ~~~~~~~~~~~^^^^
          INSERT INTO system_active_sessions (session_id, workstation_name, ip_address)
          ^^^^^^^^^^^^^^^^^^^^^^^^^^^^^^^^^^^^^^^^^^^^^^^^^^^^^^^^^^^^^^^^^^^^^^^^^^^^^
          VALUES (%s, %s, %s)
          ^^^^^^^^^^^^^^^^^^^
      """, (str(self.session_id), socket.gethostname(), self._get_ip()))
      ^^^^^^^^^^^^^^^^^^^^^^^^^^^^^^^^^^^^^^^^^^^^^^^^^^^^^^^^^^^^^^^^^^
  psycopg2.errors.InsufficientPrivilege: permiso denegado a la tabla system_active_sessions
----------------------------------------
[19:58:36] [Código: SES-002] - Error al registrar sesión: permiso denegado a la tabla system_active_sessions

Traceback:
  Traceback (most recent call last):
    File "C:\Users\USUARIO\Documents\Proyectos\Odyssea\core\updater\session_manager.py", line 54, in _register
      cur.execute("""
      ~~~~~~~~~~~^^^^
          INSERT INTO system_active_sessions (session_id, workstation_name, ip_address)
          ^^^^^^^^^^^^^^^^^^^^^^^^^^^^^^^^^^^^^^^^^^^^^^^^^^^^^^^^^^^^^^^^^^^^^^^^^^^^^
          VALUES (%s, %s, %s)
          ^^^^^^^^^^^^^^^^^^^
      """, (str(self.session_id), socket.gethostname(), self._get_ip()))
      ^^^^^^^^^^^^^^^^^^^^^^^^^^^^^^^^^^^^^^^^^^^^^^^^^^^^^^^^^^^^^^^^^^
  psycopg2.errors.InsufficientPrivilege: permiso denegado a la tabla system_active_sessions
----------------------------------------
[19:47:23] [Código: SES-005] - Error de telemetria en GitHub: [SSL: CERTIFICATE_VERIFY_FAILED] certificate verify failed: certificate is not yet valid (_ssl.c:1081)
Traceback:
  Traceback (most recent call last):
    File "C:\Users\USUARIO\Documents\Proyectos\Odyssea\.venv\Lib\site-packages\httpx\_transports\default.py", line 101, in map_httpcore_exceptions
      yield
    File "C:\Users\USUARIO\Documents\Proyectos\Odyssea\.venv\Lib\site-packages\httpx\_transports\default.py", line 250, in handle_request
      resp = self._pool.handle_request(req)
    File "C:\Users\USUARIO\Documents\Proyectos\Odyssea\.venv\Lib\site-packages\httpcore\_sync\connection_pool.py", line 256, in handle_request
      raise exc from None
    File "C:\Users\USUARIO\Documents\Proyectos\Odyssea\.venv\Lib\site-packages\httpcore\_sync\connection_pool.py", line 236, in handle_request
      response = connection.handle_request(
          pool_request.request
      )
    File "C:\Users\USUARIO\Documents\Proyectos\Odyssea\.venv\Lib\site-packages\httpcore\_sync\connection.py", line 101, in handle_request
      raise exc
    File "C:\Users\USUARIO\Documents\Proyectos\Odyssea\.venv\Lib\site-packages\httpcore\_sync\connection.py", line 78, in handle_request
      stream = self._connect(request)
    File "C:\Users\USUARIO\Documents\Proyectos\Odyssea\.venv\Lib\site-packages\httpcore\_sync\connection.py", line 156, in _connect
      stream = stream.start_tls(**kwargs)
    File "C:\Users\USUARIO\Documents\Proyectos\Odyssea\.venv\Lib\site-packages\httpcore\_backends\sync.py", line 154, in start_tls
      with map_exceptions(exc_map):
           ~~~~~~~~~~~~~~^^^^^^^^^
    File "C:\Users\USUARIO\AppData\Local\Programs\Python\Python314\Lib\contextlib.py", line 162, in __exit__
      self.gen.throw(value)
      ~~~~~~~~~~~~~~^^^^^^^
    File "C:\Users\USUARIO\Documents\Proyectos\Odyssea\.venv\Lib\site-packages\httpcore\_exceptions.py", line 14, in map_exceptions
      raise to_exc(exc) from exc
  httpcore.ConnectError: [SSL: CERTIFICATE_VERIFY_FAILED] certificate verify failed: certificate is not yet valid (_ssl.c:1081)
  
  The above exception was the direct cause of the following exception:
  
  Traceback (most recent call last):
    File "C:\Users\USUARIO\Documents\Proyectos\Odyssea\core\updater\session_manager.py", line 129, in _sync_github_session
      r = httpx.get(url, headers=headers, timeout=5)
    File "C:\Users\USUARIO\Documents\Proyectos\Odyssea\.venv\Lib\site-packages\httpx\_api.py", line 195, in get
      return request(
          "GET",
      ...<9 lines>...
          trust_env=trust_env,
      )
    File "C:\Users\USUARIO\Documents\Proyectos\Odyssea\.venv\Lib\site-packages\httpx\_api.py", line 109, in request
      return client.request(
             ~~~~~~~~~~~~~~^
          method=method,
          ^^^^^^^^^^^^^^
      ...<8 lines>...
          follow_redirects=follow_redirects,
          ^^^^^^^^^^^^^^^^^^^^^^^^^^^^^^^^^^
      )
      ^
    File "C:\Users\USUARIO\Documents\Proyectos\Odyssea\.venv\Lib\site-packages\httpx\_client.py", line 825, in request
      return self.send(request, auth=auth, follow_redirects=follow_redirects)
             ~~~~~~~~~^^^^^^^^^^^^^^^^^^^^^^^^^^^^^^^^^^^^^^^^^^^^^^^^^^^^^^^
    File "C:\Users\USUARIO\Documents\Proyectos\Odyssea\.venv\Lib\site-packages\httpx\_client.py", line 914, in send
      response = self._send_handling_auth(
          request,
      ...<2 lines>...
          history=[],
      )
    File "C:\Users\USUARIO\Documents\Proyectos\Odyssea\.venv\Lib\site-packages\httpx\_client.py", line 942, in _send_handling_auth
      response = self._send_handling_redirects(
          request,
          follow_redirects=follow_redirects,
          history=history,
      )
    File "C:\Users\USUARIO\Documents\Proyectos\Odyssea\.venv\Lib\site-packages\httpx\_client.py", line 979, in _send_handling_redirects
      response = self._send_single_request(request)
    File "C:\Users\USUARIO\Documents\Proyectos\Odyssea\.venv\Lib\site-packages\httpx\_client.py", line 1014, in _send_single_request
      response = transport.handle_request(request)
    File "C:\Users\USUARIO\Documents\Proyectos\Odyssea\.venv\Lib\site-packages\httpx\_transports\default.py", line 249, in handle_request
      with map_httpcore_exceptions():
           ~~~~~~~~~~~~~~~~~~~~~~~^^
    File "C:\Users\USUARIO\AppData\Local\Programs\Python\Python314\Lib\contextlib.py", line 162, in __exit__
      self.gen.throw(value)
      ~~~~~~~~~~~~~~^^^^^^^
    File "C:\Users\USUARIO\Documents\Proyectos\Odyssea\.venv\Lib\site-packages\httpx\_transports\default.py", line 118, in map_httpcore_exceptions
      raise mapped_exc(message) from exc
  httpx.ConnectError: [SSL: CERTIFICATE_VERIFY_FAILED] certificate verify failed: certificate is not yet valid (_ssl.c:1081)
----------------------------------------
[19:47:22] [Código: SES-002] - Error al registrar sesión: permiso denegado a la tabla system_active_sessions

Traceback:
  Traceback (most recent call last):
    File "C:\Users\USUARIO\Documents\Proyectos\Odyssea\core\updater\session_manager.py", line 50, in _register
      cur.execute("""
      ~~~~~~~~~~~^^^^
          INSERT INTO system_active_sessions (session_id, workstation_name, ip_address)
          ^^^^^^^^^^^^^^^^^^^^^^^^^^^^^^^^^^^^^^^^^^^^^^^^^^^^^^^^^^^^^^^^^^^^^^^^^^^^^
          VALUES (%s, %s, %s)
          ^^^^^^^^^^^^^^^^^^^
      """, (str(self.session_id), socket.gethostname(), self._get_ip()))
      ^^^^^^^^^^^^^^^^^^^^^^^^^^^^^^^^^^^^^^^^^^^^^^^^^^^^^^^^^^^^^^^^^^
  psycopg2.errors.InsufficientPrivilege: permiso denegado a la tabla system_active_sessions
----------------------------------------
