==================================================
 FECHA: 2026-07-01
==================================================
[16:31:04] [Código: ERR-DB-01] - Error de enlace DB: 'utf-8' codec can't decode byte 0xab in position 95: invalid start byte
Traceback:
  Traceback (most recent call last):
    File "core\core\database\connection.py", line 49, in initialize
    File "psycopg2\pool.py", line 161, in __init__
    File "psycopg2\pool.py", line 59, in __init__
    File "psycopg2\pool.py", line 63, in _connect
    File "psycopg2\__init__.py", line 135, in connect
  UnicodeDecodeError: 'utf-8' codec can't decode byte 0xab in position 95: invalid start byte
  
  The above exception was the direct cause of the following exception:
  
  Traceback (most recent call last):
    File "core\main.py", line 343, in init_system
    File "core\core\database\connection.py", line 72, in initialize
  RuntimeError: Error de enlace DB: 'utf-8' codec can't decode byte 0xab in position 95: invalid start byte
----------------------------------------
[16:31:01] [Código: ERR-DB-01] - Error de enlace DB: 'utf-8' codec can't decode byte 0xab in position 95: invalid start byte
Traceback:
  Traceback (most recent call last):
    File "core\core\database\connection.py", line 49, in initialize
    File "psycopg2\pool.py", line 161, in __init__
    File "psycopg2\pool.py", line 59, in __init__
    File "psycopg2\pool.py", line 63, in _connect
    File "psycopg2\__init__.py", line 135, in connect
  UnicodeDecodeError: 'utf-8' codec can't decode byte 0xab in position 95: invalid start byte
  
  The above exception was the direct cause of the following exception:
  
  Traceback (most recent call last):
    File "core\main.py", line 343, in init_system
    File "core\core\database\connection.py", line 72, in initialize
  RuntimeError: Error de enlace DB: 'utf-8' codec can't decode byte 0xab in position 95: invalid start byte
----------------------------------------
[16:30:58] [Código: ERR-DB-01] - Error de enlace DB: 'utf-8' codec can't decode byte 0xab in position 95: invalid start byte
Traceback:
  Traceback (most recent call last):
    File "core\core\database\connection.py", line 49, in initialize
    File "psycopg2\pool.py", line 161, in __init__
    File "psycopg2\pool.py", line 59, in __init__
    File "psycopg2\pool.py", line 63, in _connect
    File "psycopg2\__init__.py", line 135, in connect
  UnicodeDecodeError: 'utf-8' codec can't decode byte 0xab in position 95: invalid start byte
  
  The above exception was the direct cause of the following exception:
  
  Traceback (most recent call last):
    File "core\main.py", line 343, in init_system
    File "core\core\database\connection.py", line 72, in initialize
  RuntimeError: Error de enlace DB: 'utf-8' codec can't decode byte 0xab in position 95: invalid start byte
----------------------------------------
